13:28:47:358 | INFO  | o.a.c.c.C.[.[.[/] | Initializing Spring embedded WebApplicationContext
13:28:47:361 | INFO  | o.s.w.c.ContextLoader | Root WebApplicationContext: initialization completed in 4137 ms
13:28:47:684 | INFO  | o.s.b.w.s.ServletRegistrationBean | Mapping servlet: 'dispatcherServlet' to [/]
13:28:47:687 | INFO  | o.s.b.w.s.ServletRegistrationBean | Mapping servlet: 'webServlet' to [/h2-console/*]
13:28:47:690 | INFO  | o.s.b.w.s.FilterRegistrationBean | Mapping filter: 'metricFilter' to: [/*]
13:28:47:691 | INFO  | o.s.b.w.s.FilterRegistrationBean | Mapping filter: 'characterEncodingFilter' to: [/*]
13:28:47:691 | INFO  | o.s.b.w.s.FilterRegistrationBean | Mapping filter: 'hiddenHttpMethodFilter' to: [/*]
13:28:47:692 | INFO  | o.s.b.w.s.FilterRegistrationBean | Mapping filter: 'httpPutFormContentFilter' to: [/*]
13:28:47:692 | INFO  | o.s.b.w.s.FilterRegistrationBean | Mapping filter: 'requestContextFilter' to: [/*]
13:28:47:692 | INFO  | o.s.b.w.s.FilterRegistrationBean | Mapping filter: 'webRequestLoggingFilter' to: [/*]
13:28:47:693 | INFO  | o.s.b.w.s.FilterRegistrationBean | Mapping filter: 'simpleFilter' to: [/*]
13:28:47:693 | INFO  | o.s.b.w.s.FilterRegistrationBean | Mapping filter: 'applicationContextIdFilter' to: [/*]
13:28:47:732 | INFO  | p.j.s.f.SimpleFilter | init simpleFilter
13:29:25:127 | INFO  | o.a.c.c.C.[.[.[/] | Initializing Spring embedded WebApplicationContext
13:29:25:130 | INFO  | o.s.w.c.ContextLoader | Root WebApplicationContext: initialization completed in 3975 ms
13:29:25:527 | INFO  | o.s.b.w.s.ServletRegistrationBean | Mapping servlet: 'dispatcherServlet' to [/]
13:29:25:529 | INFO  | o.s.b.w.s.ServletRegistrationBean | Mapping servlet: 'webServlet' to [/h2-console/*]
13:29:25:534 | INFO  | o.s.b.w.s.FilterRegistrationBean | Mapping filter: 'metricFilter' to: [/*]
13:29:25:535 | INFO  | o.s.b.w.s.FilterRegistrationBean | Mapping filter: 'characterEncodingFilter' to: [/*]
13:29:25:535 | INFO  | o.s.b.w.s.FilterRegistrationBean | Mapping filter: 'hiddenHttpMethodFilter' to: [/*]
13:29:25:536 | INFO  | o.s.b.w.s.FilterRegistrationBean | Mapping filter: 'httpPutFormContentFilter' to: [/*]
13:29:25:536 | INFO  | o.s.b.w.s.FilterRegistrationBean | Mapping filter: 'requestContextFilter' to: [/*]
13:29:25:537 | INFO  | o.s.b.w.s.FilterRegistrationBean | Mapping filter: 'webRequestLoggingFilter' to: [/*]
13:29:25:537 | INFO  | o.s.b.w.s.FilterRegistrationBean | Mapping filter: 'simpleFilter' to: [/*]
13:29:25:537 | INFO  | o.s.b.w.s.FilterRegistrationBean | Mapping filter: 'applicationContextIdFilter' to: [/*]
13:29:25:579 | INFO  | p.j.s.f.SimpleFilter | init simpleFilter
13:29:43:648 | INFO  | o.a.c.c.C.[.[.[/] | Initializing Spring embedded WebApplicationContext
13:29:43:650 | INFO  | o.s.w.c.ContextLoader | Root WebApplicationContext: initialization completed in 4389 ms
13:29:44:019 | INFO  | o.s.b.w.s.ServletRegistrationBean | Mapping servlet: 'dispatcherServlet' to [/]
13:29:44:022 | INFO  | o.s.b.w.s.ServletRegistrationBean | Mapping servlet: 'webServlet' to [/h2-console/*]
13:29:44:027 | INFO  | o.s.b.w.s.FilterRegistrationBean | Mapping filter: 'metricFilter' to: [/*]
13:29:44:028 | INFO  | o.s.b.w.s.FilterRegistrationBean | Mapping filter: 'characterEncodingFilter' to: [/*]
13:29:44:028 | INFO  | o.s.b.w.s.FilterRegistrationBean | Mapping filter: 'hiddenHttpMethodFilter' to: [/*]
13:29:44:028 | INFO  | o.s.b.w.s.FilterRegistrationBean | Mapping filter: 'httpPutFormContentFilter' to: [/*]
13:29:44:029 | INFO  | o.s.b.w.s.FilterRegistrationBean | Mapping filter: 'requestContextFilter' to: [/*]
13:29:44:029 | INFO  | o.s.b.w.s.FilterRegistrationBean | Mapping filter: 'webRequestLoggingFilter' to: [/*]
13:29:44:030 | INFO  | o.s.b.w.s.FilterRegistrationBean | Mapping filter: 'simpleFilter' to: [/*]
13:29:44:030 | INFO  | o.s.b.w.s.FilterRegistrationBean | Mapping filter: 'applicationContextIdFilter' to: [/*]
13:29:44:074 | INFO  | p.j.s.f.SimpleFilter | init simpleFilter
13:34:19:399 | INFO  | o.a.c.c.C.[.[.[/] | Initializing Spring embedded WebApplicationContext
13:34:19:401 | INFO  | o.s.w.c.ContextLoader | Root WebApplicationContext: initialization completed in 3916 ms
13:34:19:807 | INFO  | o.s.b.w.s.ServletRegistrationBean | Mapping servlet: 'dispatcherServlet' to [/]
13:34:19:811 | INFO  | o.s.b.w.s.ServletRegistrationBean | Mapping servlet: 'webServlet' to [/h2-console/*]
13:34:19:817 | INFO  | o.s.b.w.s.FilterRegistrationBean | Mapping filter: 'metricFilter' to: [/*]
13:34:19:818 | INFO  | o.s.b.w.s.FilterRegistrationBean | Mapping filter: 'characterEncodingFilter' to: [/*]
13:34:19:818 | INFO  | o.s.b.w.s.FilterRegistrationBean | Mapping filter: 'hiddenHttpMethodFilter' to: [/*]
13:34:19:818 | INFO  | o.s.b.w.s.FilterRegistrationBean | Mapping filter: 'httpPutFormContentFilter' to: [/*]
13:34:19:819 | INFO  | o.s.b.w.s.FilterRegistrationBean | Mapping filter: 'requestContextFilter' to: [/*]
13:34:19:819 | INFO  | o.s.b.w.s.FilterRegistrationBean | Mapping filter: 'webRequestLoggingFilter' to: [/*]
13:34:19:820 | INFO  | o.s.b.w.s.FilterRegistrationBean | Mapping filter: 'simpleFilter' to: [/*]
13:34:19:820 | INFO  | o.s.b.w.s.FilterRegistrationBean | Mapping filter: 'applicationContextIdFilter' to: [/*]
13:34:19:863 | INFO  | p.j.s.f.SimpleFilter | init simpleFilter
13:35:18:628 | INFO  | o.a.c.c.C.[.[.[/] | Initializing Spring embedded WebApplicationContext
13:35:18:631 | INFO  | o.s.w.c.ContextLoader | Root WebApplicationContext: initialization completed in 3857 ms
13:35:18:957 | INFO  | o.s.b.w.s.ServletRegistrationBean | Mapping servlet: 'dispatcherServlet' to [/]
13:35:18:960 | INFO  | o.s.b.w.s.ServletRegistrationBean | Mapping servlet: 'webServlet' to [/h2-console/*]
13:35:18:963 | INFO  | o.s.b.w.s.FilterRegistrationBean | Mapping filter: 'metricFilter' to: [/*]
13:35:18:964 | INFO  | o.s.b.w.s.FilterRegistrationBean | Mapping filter: 'characterEncodingFilter' to: [/*]
13:35:18:964 | INFO  | o.s.b.w.s.FilterRegistrationBean | Mapping filter: 'hiddenHttpMethodFilter' to: [/*]
13:35:18:964 | INFO  | o.s.b.w.s.FilterRegistrationBean | Mapping filter: 'httpPutFormContentFilter' to: [/*]
13:35:18:965 | INFO  | o.s.b.w.s.FilterRegistrationBean | Mapping filter: 'requestContextFilter' to: [/*]
13:35:18:965 | INFO  | o.s.b.w.s.FilterRegistrationBean | Mapping filter: 'webRequestLoggingFilter' to: [/*]
13:35:18:965 | INFO  | o.s.b.w.s.FilterRegistrationBean | Mapping filter: 'simpleFilter' to: [/*]
13:35:18:965 | INFO  | o.s.b.w.s.FilterRegistrationBean | Mapping filter: 'applicationContextIdFilter' to: [/*]
13:35:19:001 | INFO  | p.j.s.f.SimpleFilter | init simpleFilter
13:46:39:995 | INFO  | o.a.c.c.C.[.[.[/] | Initializing Spring embedded WebApplicationContext
13:46:39:997 | INFO  | o.s.w.c.ContextLoader | Root WebApplicationContext: initialization completed in 4112 ms
13:46:40:314 | INFO  | o.s.b.w.s.ServletRegistrationBean | Mapping servlet: 'dispatcherServlet' to [/]
13:46:40:316 | INFO  | o.s.b.w.s.ServletRegistrationBean | Mapping servlet: 'webServlet' to [/h2-console/*]
13:46:40:320 | INFO  | o.s.b.w.s.FilterRegistrationBean | Mapping filter: 'metricFilter' to: [/*]
13:46:40:321 | INFO  | o.s.b.w.s.FilterRegistrationBean | Mapping filter: 'characterEncodingFilter' to: [/*]
13:46:40:321 | INFO  | o.s.b.w.s.FilterRegistrationBean | Mapping filter: 'hiddenHttpMethodFilter' to: [/*]
13:46:40:322 | INFO  | o.s.b.w.s.FilterRegistrationBean | Mapping filter: 'httpPutFormContentFilter' to: [/*]
13:46:40:322 | INFO  | o.s.b.w.s.FilterRegistrationBean | Mapping filter: 'requestContextFilter' to: [/*]
13:46:40:322 | INFO  | o.s.b.w.s.FilterRegistrationBean | Mapping filter: 'webRequestLoggingFilter' to: [/*]
13:46:40:323 | INFO  | o.s.b.w.s.FilterRegistrationBean | Mapping filter: 'simpleFilter' to: [/*]
13:46:40:323 | INFO  | o.s.b.w.s.FilterRegistrationBean | Mapping filter: 'applicationContextIdFilter' to: [/*]
13:46:40:355 | INFO  | p.j.s.f.SimpleFilter | init simpleFilter
13:54:26:674 | INFO  | o.a.c.c.C.[.[.[/] | Initializing Spring embedded WebApplicationContext
13:54:26:676 | INFO  | o.s.w.c.ContextLoader | Root WebApplicationContext: initialization completed in 4149 ms
13:54:27:054 | INFO  | o.s.b.w.s.ServletRegistrationBean | Mapping servlet: 'dispatcherServlet' to [/]
13:54:27:057 | INFO  | o.s.b.w.s.ServletRegistrationBean | Mapping servlet: 'webServlet' to [/h2-console/*]
13:54:27:061 | INFO  | o.s.b.w.s.FilterRegistrationBean | Mapping filter: 'metricFilter' to: [/*]
13:54:27:062 | INFO  | o.s.b.w.s.FilterRegistrationBean | Mapping filter: 'characterEncodingFilter' to: [/*]
13:54:27:062 | INFO  | o.s.b.w.s.FilterRegistrationBean | Mapping filter: 'hiddenHttpMethodFilter' to: [/*]
13:54:27:063 | INFO  | o.s.b.w.s.FilterRegistrationBean | Mapping filter: 'httpPutFormContentFilter' to: [/*]
13:54:27:063 | INFO  | o.s.b.w.s.FilterRegistrationBean | Mapping filter: 'requestContextFilter' to: [/*]
13:54:27:064 | INFO  | o.s.b.w.s.FilterRegistrationBean | Mapping filter: 'webRequestLoggingFilter' to: [/*]
13:54:27:064 | INFO  | o.s.b.w.s.FilterRegistrationBean | Mapping filter: 'simpleFilter' to: [/*]
13:54:27:064 | INFO  | o.s.b.w.s.FilterRegistrationBean | Mapping filter: 'applicationContextIdFilter' to: [/*]
13:54:27:100 | INFO  | p.j.s.f.SimpleFilter | init simpleFilter
14:07:14:223 | INFO  | o.a.c.c.C.[.[.[/] | Initializing Spring embedded WebApplicationContext
14:07:14:225 | INFO  | o.s.w.c.ContextLoader | Root WebApplicationContext: initialization completed in 4010 ms
14:07:14:517 | INFO  | o.s.b.w.s.ServletRegistrationBean | Mapping servlet: 'dispatcherServlet' to [/]
14:07:14:519 | INFO  | o.s.b.w.s.ServletRegistrationBean | Mapping servlet: 'webServlet' to [/h2-console/*]
14:07:14:523 | INFO  | o.s.b.w.s.FilterRegistrationBean | Mapping filter: 'metricFilter' to: [/*]
14:07:14:524 | INFO  | o.s.b.w.s.FilterRegistrationBean | Mapping filter: 'characterEncodingFilter' to: [/*]
14:07:14:524 | INFO  | o.s.b.w.s.FilterRegistrationBean | Mapping filter: 'hiddenHttpMethodFilter' to: [/*]
14:07:14:524 | INFO  | o.s.b.w.s.FilterRegistrationBean | Mapping filter: 'httpPutFormContentFilter' to: [/*]
14:07:14:524 | INFO  | o.s.b.w.s.FilterRegistrationBean | Mapping filter: 'requestContextFilter' to: [/*]
14:07:14:525 | INFO  | o.s.b.w.s.FilterRegistrationBean | Mapping filter: 'webRequestLoggingFilter' to: [/*]
14:07:14:525 | INFO  | o.s.b.w.s.FilterRegistrationBean | Mapping filter: 'simpleFilter' to: [/*]
14:07:14:525 | INFO  | o.s.b.w.s.FilterRegistrationBean | Mapping filter: 'applicationContextIdFilter' to: [/*]
14:07:14:557 | INFO  | p.j.s.f.SimpleFilter | init simpleFilter
14:11:22:378 | INFO  | o.a.c.c.C.[.[.[/] | Initializing Spring embedded WebApplicationContext
14:11:22:380 | INFO  | o.s.w.c.ContextLoader | Root WebApplicationContext: initialization completed in 4020 ms
14:11:22:740 | INFO  | o.s.b.w.s.ServletRegistrationBean | Mapping servlet: 'dispatcherServlet' to [/]
14:11:22:743 | INFO  | o.s.b.w.s.ServletRegistrationBean | Mapping servlet: 'webServlet' to [/h2-console/*]
14:11:22:747 | INFO  | o.s.b.w.s.FilterRegistrationBean | Mapping filter: 'metricFilter' to: [/*]
14:11:22:747 | INFO  | o.s.b.w.s.FilterRegistrationBean | Mapping filter: 'characterEncodingFilter' to: [/*]
14:11:22:748 | INFO  | o.s.b.w.s.FilterRegistrationBean | Mapping filter: 'hiddenHttpMethodFilter' to: [/*]
14:11:22:748 | INFO  | o.s.b.w.s.FilterRegistrationBean | Mapping filter: 'httpPutFormContentFilter' to: [/*]
14:11:22:749 | INFO  | o.s.b.w.s.FilterRegistrationBean | Mapping filter: 'requestContextFilter' to: [/*]
14:11:22:749 | INFO  | o.s.b.w.s.FilterRegistrationBean | Mapping filter: 'webRequestLoggingFilter' to: [/*]
14:11:22:749 | INFO  | o.s.b.w.s.FilterRegistrationBean | Mapping filter: 'simpleFilter' to: [/*]
14:11:22:750 | INFO  | o.s.b.w.s.FilterRegistrationBean | Mapping filter: 'applicationContextIdFilter' to: [/*]
14:11:22:784 | INFO  | p.j.s.f.SimpleFilter | init simpleFilter
14:12:08:356 | INFO  | o.a.c.c.C.[.[.[/] | Initializing Spring embedded WebApplicationContext
14:12:08:359 | INFO  | o.s.w.c.ContextLoader | Root WebApplicationContext: initialization completed in 4421 ms
14:12:08:741 | INFO  | o.s.b.w.s.ServletRegistrationBean | Mapping servlet: 'dispatcherServlet' to [/]
14:12:08:743 | INFO  | o.s.b.w.s.ServletRegistrationBean | Mapping servlet: 'webServlet' to [/h2-console/*]
14:12:08:747 | INFO  | o.s.b.w.s.FilterRegistrationBean | Mapping filter: 'metricFilter' to: [/*]
14:12:08:748 | INFO  | o.s.b.w.s.FilterRegistrationBean | Mapping filter: 'characterEncodingFilter' to: [/*]
14:12:08:749 | INFO  | o.s.b.w.s.FilterRegistrationBean | Mapping filter: 'hiddenHttpMethodFilter' to: [/*]
14:12:08:749 | INFO  | o.s.b.w.s.FilterRegistrationBean | Mapping filter: 'httpPutFormContentFilter' to: [/*]
14:12:08:749 | INFO  | o.s.b.w.s.FilterRegistrationBean | Mapping filter: 'requestContextFilter' to: [/*]
14:12:08:750 | INFO  | o.s.b.w.s.FilterRegistrationBean | Mapping filter: 'webRequestLoggingFilter' to: [/*]
14:12:08:751 | INFO  | o.s.b.w.s.FilterRegistrationBean | Mapping filter: 'simpleFilter' to: [/*]
14:12:08:751 | INFO  | o.s.b.w.s.FilterRegistrationBean | Mapping filter: 'applicationContextIdFilter' to: [/*]
14:12:08:786 | INFO  | p.j.s.f.SimpleFilter | init simpleFilter
14:12:45:632 | INFO  | o.a.c.c.C.[.[.[/] | Initializing Spring embedded WebApplicationContext
14:12:45:633 | INFO  | o.s.w.c.ContextLoader | Root WebApplicationContext: initialization completed in 4043 ms
14:12:45:946 | INFO  | o.s.b.w.s.ServletRegistrationBean | Mapping servlet: 'dispatcherServlet' to [/]
14:12:45:948 | INFO  | o.s.b.w.s.ServletRegistrationBean | Mapping servlet: 'webServlet' to [/h2-console/*]
14:12:45:952 | INFO  | o.s.b.w.s.FilterRegistrationBean | Mapping filter: 'metricFilter' to: [/*]
14:12:45:953 | INFO  | o.s.b.w.s.FilterRegistrationBean | Mapping filter: 'characterEncodingFilter' to: [/*]
14:12:45:953 | INFO  | o.s.b.w.s.FilterRegistrationBean | Mapping filter: 'hiddenHttpMethodFilter' to: [/*]
14:12:45:953 | INFO  | o.s.b.w.s.FilterRegistrationBean | Mapping filter: 'httpPutFormContentFilter' to: [/*]
14:12:45:954 | INFO  | o.s.b.w.s.FilterRegistrationBean | Mapping filter: 'requestContextFilter' to: [/*]
14:12:45:954 | INFO  | o.s.b.w.s.FilterRegistrationBean | Mapping filter: 'webRequestLoggingFilter' to: [/*]
14:12:45:954 | INFO  | o.s.b.w.s.FilterRegistrationBean | Mapping filter: 'simpleFilter' to: [/*]
14:12:45:955 | INFO  | o.s.b.w.s.FilterRegistrationBean | Mapping filter: 'applicationContextIdFilter' to: [/*]
14:12:45:990 | INFO  | p.j.s.f.SimpleFilter | init simpleFilter
14:16:25:894 | INFO  | o.a.c.c.C.[.[.[/] | Initializing Spring embedded WebApplicationContext
14:16:25:897 | INFO  | o.s.w.c.ContextLoader | Root WebApplicationContext: initialization completed in 4477 ms
14:16:26:304 | INFO  | o.s.b.w.s.ServletRegistrationBean | Mapping servlet: 'dispatcherServlet' to [/]
14:16:26:307 | INFO  | o.s.b.w.s.ServletRegistrationBean | Mapping servlet: 'webServlet' to [/h2-console/*]
14:16:26:313 | INFO  | o.s.b.w.s.FilterRegistrationBean | Mapping filter: 'metricFilter' to: [/*]
14:16:26:314 | INFO  | o.s.b.w.s.FilterRegistrationBean | Mapping filter: 'characterEncodingFilter' to: [/*]
14:16:26:315 | INFO  | o.s.b.w.s.FilterRegistrationBean | Mapping filter: 'hiddenHttpMethodFilter' to: [/*]
14:16:26:315 | INFO  | o.s.b.w.s.FilterRegistrationBean | Mapping filter: 'httpPutFormContentFilter' to: [/*]
14:16:26:315 | INFO  | o.s.b.w.s.FilterRegistrationBean | Mapping filter: 'requestContextFilter' to: [/*]
14:16:26:316 | INFO  | o.s.b.w.s.FilterRegistrationBean | Mapping filter: 'webRequestLoggingFilter' to: [/*]
14:16:26:316 | INFO  | o.s.b.w.s.FilterRegistrationBean | Mapping filter: 'simpleFilter' to: [/*]
14:16:26:317 | INFO  | o.s.b.w.s.FilterRegistrationBean | Mapping filter: 'applicationContextIdFilter' to: [/*]
14:16:26:366 | INFO  | p.j.s.f.SimpleFilter | init simpleFilter
14:20:20:087 | INFO  | o.a.c.c.C.[.[.[/] | Initializing Spring embedded WebApplicationContext
14:20:20:089 | INFO  | o.s.w.c.ContextLoader | Root WebApplicationContext: initialization completed in 4324 ms
14:20:20:380 | INFO  | o.s.b.w.s.ServletRegistrationBean | Mapping servlet: 'dispatcherServlet' to [/]
14:20:20:382 | INFO  | o.s.b.w.s.ServletRegistrationBean | Mapping servlet: 'webServlet' to [/h2-console/*]
14:20:20:386 | INFO  | o.s.b.w.s.FilterRegistrationBean | Mapping filter: 'metricFilter' to: [/*]
14:20:20:387 | INFO  | o.s.b.w.s.FilterRegistrationBean | Mapping filter: 'characterEncodingFilter' to: [/*]
14:20:20:388 | INFO  | o.s.b.w.s.FilterRegistrationBean | Mapping filter: 'hiddenHttpMethodFilter' to: [/*]
14:20:20:388 | INFO  | o.s.b.w.s.FilterRegistrationBean | Mapping filter: 'httpPutFormContentFilter' to: [/*]
14:20:20:389 | INFO  | o.s.b.w.s.FilterRegistrationBean | Mapping filter: 'requestContextFilter' to: [/*]
14:20:20:389 | INFO  | o.s.b.w.s.FilterRegistrationBean | Mapping filter: 'webRequestLoggingFilter' to: [/*]
14:20:20:390 | INFO  | o.s.b.w.s.FilterRegistrationBean | Mapping filter: 'simpleFilter' to: [/*]
14:20:20:390 | INFO  | o.s.b.w.s.FilterRegistrationBean | Mapping filter: 'applicationContextIdFilter' to: [/*]
14:20:20:425 | INFO  | p.j.s.f.SimpleFilter | init simpleFilter
